<?xml version="1.0" encoding="UTF-8"?>
<testng-results skipped="1" failed="0" total="1" passed="0">
  <reporter-output>
  </reporter-output>
  <suite name="Default suite" duration-ms="6835" started-at="2015-08-12T15:09:15Z" finished-at="2015-08-12T15:09:22Z">
    <groups>
    </groups>
    <test name="Default test" duration-ms="6835" started-at="2015-08-12T15:09:15Z" finished-at="2015-08-12T15:09:22Z">
      <class name="com.sj.testscript.Driverscript">
        <test-method status="PASS" signature="beforeSuite()[pri:0, instance:com.sj.testscript.Driverscript@2f81dd44]" name="beforeSuite" is-config="true" duration-ms="13" started-at="2015-08-12T20:39:15Z" finished-at="2015-08-12T20:39:15Z">
          <reporter-output>
          </reporter-output>
        </test-method> <!-- beforeSuite -->
        <test-method status="PASS" signature="beforeTest()[pri:0, instance:com.sj.testscript.Driverscript@2f81dd44]" name="beforeTest" is-config="true" duration-ms="4939" started-at="2015-08-12T20:39:15Z" finished-at="2015-08-12T20:39:20Z">
          <reporter-output>
          </reporter-output>
        </test-method> <!-- beforeTest -->
        <test-method status="FAIL" signature="initialize()[pri:0, instance:com.sj.testscript.Driverscript@2f81dd44]" name="initialize" is-config="true" duration-ms="0" started-at="2015-08-12T20:39:20Z" finished-at="2015-08-12T20:39:20Z">
          <exception class="java.lang.StringIndexOutOfBoundsException">
            <message>
              <![CDATA[String index out of range: -1]]>
            </message>
            <full-stacktrace>
              <![CDATA[java.lang.StringIndexOutOfBoundsException: String index out of range: -1
	at java.lang.String.substring(Unknown Source)
	at com.sj.reports.ReportUtil.startTesting(ReportUtil.java:29)
	at com.sj.testscript.Driverscript.initialize(Driverscript.java:112)
	at sun.reflect.NativeMethodAccessorImpl.invoke0(Native Method)
	at sun.reflect.NativeMethodAccessorImpl.invoke(Unknown Source)
	at sun.reflect.DelegatingMethodAccessorImpl.invoke(Unknown Source)
	at java.lang.reflect.Method.invoke(Unknown Source)
	at org.testng.internal.MethodInvocationHelper.invokeMethod(MethodInvocationHelper.java:85)
	at org.testng.internal.Invoker.invokeConfigurationMethod(Invoker.java:515)
	at org.testng.internal.Invoker.invokeConfigurations(Invoker.java:213)
	at org.testng.internal.Invoker.invokeConfigurations(Invoker.java:140)
	at org.testng.internal.TestMethodWorker.invokeBeforeClassMethods(TestMethodWorker.java:170)
	at org.testng.internal.TestMethodWorker.run(TestMethodWorker.java:104)
	at org.testng.TestRunner.privateRun(TestRunner.java:771)
	at org.testng.TestRunner.run(TestRunner.java:621)
	at org.testng.SuiteRunner.runTest(SuiteRunner.java:357)
	at org.testng.SuiteRunner.runSequentially(SuiteRunner.java:352)
	at org.testng.SuiteRunner.privateRun(SuiteRunner.java:310)
	at org.testng.SuiteRunner.run(SuiteRunner.java:259)
	at org.testng.SuiteRunnerWorker.runSuite(SuiteRunnerWorker.java:52)
	at org.testng.SuiteRunnerWorker.run(SuiteRunnerWorker.java:86)
	at org.testng.TestNG.runSuitesSequentially(TestNG.java:1176)
	at org.testng.TestNG.runSuitesLocally(TestNG.java:1101)
	at org.testng.TestNG.run(TestNG.java:1009)
	at org.testng.remote.RemoteTestNG.run(RemoteTestNG.java:111)
	at org.testng.remote.RemoteTestNG.initAndRun(RemoteTestNG.java:204)
	at org.testng.remote.RemoteTestNG.main(RemoteTestNG.java:175)
]]>
            </full-stacktrace>
          </exception> <!-- java.lang.StringIndexOutOfBoundsException -->
          <reporter-output>
          </reporter-output>
        </test-method> <!-- initialize -->
        <test-method status="SKIP" signature="beforeMethod()[pri:0, instance:com.sj.testscript.Driverscript@2f81dd44]" name="beforeMethod" is-config="true" duration-ms="0" started-at="2015-08-12T20:39:22Z" finished-at="2015-08-12T20:39:22Z">
          <reporter-output>
          </reporter-output>
        </test-method> <!-- beforeMethod -->
        <test-method status="SKIP" signature="TestApplication()[pri:0, instance:com.sj.testscript.Driverscript@2f81dd44]" name="TestApplication" duration-ms="5" started-at="2015-08-12T20:39:22Z" finished-at="2015-08-12T20:39:22Z">
          <reporter-output>
          </reporter-output>
        </test-method> <!-- TestApplication -->
        <test-method status="SKIP" signature="afterMethod()[pri:0, instance:com.sj.testscript.Driverscript@2f81dd44]" name="afterMethod" is-config="true" duration-ms="0" started-at="2015-08-12T20:39:22Z" finished-at="2015-08-12T20:39:22Z">
          <reporter-output>
          </reporter-output>
        </test-method> <!-- afterMethod -->
        <test-method status="SKIP" signature="endScript()[pri:0, instance:com.sj.testscript.Driverscript@2f81dd44]" name="endScript" is-config="true" duration-ms="0" started-at="2015-08-12T20:39:22Z" finished-at="2015-08-12T20:39:22Z">
          <reporter-output>
          </reporter-output>
        </test-method> <!-- endScript -->
        <test-method status="SKIP" signature="afterTest()[pri:0, instance:com.sj.testscript.Driverscript@2f81dd44]" name="afterTest" is-config="true" duration-ms="0" started-at="2015-08-12T20:39:22Z" finished-at="2015-08-12T20:39:22Z">
          <reporter-output>
          </reporter-output>
        </test-method> <!-- afterTest -->
        <test-method status="SKIP" signature="afterSuite()[pri:0, instance:com.sj.testscript.Driverscript@2f81dd44]" name="afterSuite" is-config="true" duration-ms="0" started-at="2015-08-12T20:39:23Z" finished-at="2015-08-12T20:39:23Z">
          <reporter-output>
          </reporter-output>
        </test-method> <!-- afterSuite -->
      </class> <!-- com.sj.testscript.Driverscript -->
    </test> <!-- Default test -->
  </suite> <!-- Default suite -->
</testng-results>
